[2020-05-24T10:53:04.594Z] /memo/qqlogin/ 200 ""使用了QQ登陆 
 
[2020-05-24T10:53:02.726Z] /memo/qqlogin/ 200 ""使用了QQ登陆 
 
[2020-05-24T10:48:41.782Z] /memo/qqlogin/ 200 ""使用了QQ登陆 
 
[2020-05-24T10:48:35.493Z] /memo/qqlogin/ 200 ""使用了QQ登陆 
 
[2020-05-24T10:47:41.277Z] /memo/qqlogin/ 200 ""使用了QQ登陆 
 
[2020-05-24T10:47:32.879Z] /memo/qqlogin/ 200 ""使用了QQ登陆 
 
[2020-05-24T10:46:49.156Z] /memo/qqlogin/ 200 ""使用了QQ登陆 
 
[2020-05-24T10:46:39.122Z] /memo/qqlogin/ 200 ""使用了QQ登陆 
 
[2020-05-24T10:46:35.457Z] /memo/qqlogin/ 200 ""使用了QQ登陆 
 
[2020-05-24T10:46:19.173Z] /memo/qqlogin/ 200 ""使用了QQ登陆 
 
[2020-05-24T09:08:37.717Z] /login/ 200 "admin"进行了登陆 
 
[2020-05-23T21:15:46.959Z] /memo/qqlogin/ 200 ""使用了QQ登陆 
 
[2020-05-23T21:15:38.469Z] /memo/qqlogin/ 200 ""使用了QQ登陆 
 
[2020-05-23T21:14:48.453Z] /memo/qqlogin/ 200 ""使用了QQ登陆 
 
[2020-05-23T11:50:27.392Z] /login/ 200 "admin"进行了登陆 
 
[2020-05-23T11:50:13.047Z] /login/ 200 "admin"进行了登陆 
 
[joke] 日志: POST /login/ 200 "undefined"进行了登陆 [2020-05-21T12:35:59.508Z]
[joke] 日志: POST /login/ 200 "admin"进行了登陆 [2020-05-21T13:58:58.585Z]
[joke] 日志: POST /login/ 200 "admin"进行了登陆 [2020-05-21T13:59:15.831Z]
[joke] 日志: POST /login/registe/ 200 "test2"进行了注册 [2020-05-21T13:59:40.879Z]
[joke] 日志: POST /login/ 200 "test2"进行了登陆 [2020-05-21T13:59:50.379Z]
[joke] 日志: POST /login/ 200 "admin"进行了登陆 [2020-05-21T14:04:17.065Z]
[joke] 日志: POST /login/ 200 "admin"进行了登陆 [2020-05-21T14:06:28.620Z]
日志: POST /login/ 200 "admin"进行了登陆 [2020-05-21T15:05:18.341Z] 

日志: POST /login/ 200 "test"进行了登陆 [2020-05-21T15:05:39.897Z] 

日志: POST /login/ 200 "admin"进行了登陆 [2020-05-21T15:11:50.201Z] - 
日志: POST /login/ 200 "test"进行了登陆 [2020-05-21T15:15:27.772Z] 
 
日志: POST /login/ 200 "admin"进行了登陆 [2020-05-21T15:15:37.844Z] 
 
日志: POST /login/ 200 "test1"进行了登陆 [2020-05-21T15:15:55.377Z] 
 
/login/registe/ 200 "admin"进行了注册 [2020-05-21T16:08:31.521Z] 
 
/login/ 200 "admin"进行了登陆 [2020-05-22T05:30:29.979Z] 
 
/login/ 200 "test"进行了登陆 [2020-05-22T05:30:44.766Z] 
 
[2020-05-23T09:56:52.674Z] /login/ 200 "admin"进行了登陆 
 
[2020-05-23T10:20:46.070Z] /login/ 200 "admin"进行了登陆 
 
[2020-05-23T10:24:07.785Z] /login/ 200 "admin"进行了登陆 
 
lineline
2222222222222222